<?xml version="1.0" encoding="UTF-8"?>
<testng-results skipped="0" failed="0" ignored="0" total="1" passed="1">
  <reporter-output>
  </reporter-output>
  <suite name="Default suite" duration-ms="64363" started-at="2020-03-01T23:29:57 IST" finished-at="2020-03-01T23:31:01 IST">
    <groups>
    </groups>
    <test name="Default test" duration-ms="64363" started-at="2020-03-01T23:29:57 IST" finished-at="2020-03-01T23:31:01 IST">
      <class name="com.wordpress.Testcases.VerifyWordpressLogin3_Reusability">
        <test-method status="PASS" signature="verifylogin()[pri:0, instance:com.wordpress.Testcases.VerifyWordpressLogin3_Reusability@6325a3ee]" name="verifylogin" duration-ms="64299" started-at="2020-03-01T23:29:57 IST" finished-at="2020-03-01T23:31:01 IST">
          <reporter-output>
          </reporter-output>
        </test-method> <!-- verifylogin -->
      </class> <!-- com.wordpress.Testcases.VerifyWordpressLogin3_Reusability -->
    </test> <!-- Default test -->
  </suite> <!-- Default suite -->
</testng-results>
